2023-05-14 14:29:21.892  INFO 2212 --- [restartedMain] cn.pan.PanApplication                    : Starting PanApplication using Java 17.0.6 on bp with PID 2212 (D:\IDEAPriceProject\医院门诊预约挂号管理系统\hospital\back\target\classes started by 不潘 in D:\IDEAPriceProject\医院门诊预约挂号管理系统\hospital\back)
2023-05-14 14:29:21.896  INFO 2212 --- [restartedMain] cn.pan.PanApplication                    : No active profile set, falling back to 1 default profile: "default"
2023-05-14 14:29:21.992  INFO 2212 --- [restartedMain] .e.DevToolsPropertyDefaultsPostProcessor : Devtools property defaults active! Set 'spring.devtools.add-properties' to 'false' to disable
2023-05-14 14:29:21.992  INFO 2212 --- [restartedMain] .e.DevToolsPropertyDefaultsPostProcessor : For additional web related logging consider setting the 'logging.level.web' property to 'DEBUG'
2023-05-14 14:29:23.353  INFO 2212 --- [restartedMain] .s.d.r.c.RepositoryConfigurationDelegate : Multiple Spring Data modules found, entering strict repository configuration mode
2023-05-14 14:29:23.354  INFO 2212 --- [restartedMain] .s.d.r.c.RepositoryConfigurationDelegate : Bootstrapping Spring Data JPA repositories in DEFAULT mode.
2023-05-14 14:29:23.508  INFO 2212 --- [restartedMain] .s.d.r.c.RepositoryConfigurationDelegate : Finished Spring Data repository scanning in 144 ms. Found 1 JPA repository interfaces.
2023-05-14 14:29:23.524  INFO 2212 --- [restartedMain] .s.d.r.c.RepositoryConfigurationDelegate : Multiple Spring Data modules found, entering strict repository configuration mode
2023-05-14 14:29:23.525  INFO 2212 --- [restartedMain] .s.d.r.c.RepositoryConfigurationDelegate : Bootstrapping Spring Data Redis repositories in DEFAULT mode.
2023-05-14 14:29:23.567  INFO 2212 --- [restartedMain] .RepositoryConfigurationExtensionSupport : Spring Data Redis - Could not safely identify store assignment for repository candidate interface cn.pan.data.dao.LogDao; If you want this repository to be a Redis repository, consider annotating your entities with one of these annotations: org.springframework.data.redis.core.RedisHash (preferred), or consider extending one of the following types with your repository: org.springframework.data.keyvalue.repository.KeyValueRepository
2023-05-14 14:29:23.567  INFO 2212 --- [restartedMain] .s.d.r.c.RepositoryConfigurationDelegate : Finished Spring Data repository scanning in 25 ms. Found 0 Redis repository interfaces.
2023-05-14 14:29:23.805  INFO 2212 --- [restartedMain] faultConfiguringBeanFactoryPostProcessor : No bean named 'errorChannel' has been explicitly defined. Therefore, a default PublishSubscribeChannel will be created.
2023-05-14 14:29:23.818  INFO 2212 --- [restartedMain] faultConfiguringBeanFactoryPostProcessor : No bean named 'integrationHeaderChannelRegistry' has been explicitly defined. Therefore, a default DefaultHeaderChannelRegistry will be created.
2023-05-14 14:29:24.159  INFO 2212 --- [restartedMain] ptablePropertiesBeanFactoryPostProcessor : Post-processing PropertySource instances
2023-05-14 14:29:24.160  INFO 2212 --- [restartedMain] c.u.j.EncryptablePropertySourceConverter : Skipping PropertySource configurationProperties [class org.springframework.boot.context.properties.source.ConfigurationPropertySourcesPropertySource
2023-05-14 14:29:24.162  INFO 2212 --- [restartedMain] c.u.j.EncryptablePropertySourceConverter : Skipping PropertySource servletConfigInitParams [class org.springframework.core.env.PropertySource$StubPropertySource
2023-05-14 14:29:24.189  INFO 2212 --- [restartedMain] c.u.j.EncryptablePropertySourceConverter : Skipping PropertySource servletContextInitParams [class org.springframework.core.env.PropertySource$StubPropertySource
2023-05-14 14:29:24.195  INFO 2212 --- [restartedMain] c.u.j.EncryptablePropertySourceConverter : Converting PropertySource systemProperties [org.springframework.core.env.PropertiesPropertySource] to EncryptableMapPropertySourceWrapper
2023-05-14 14:29:24.198  INFO 2212 --- [restartedMain] c.u.j.EncryptablePropertySourceConverter : Converting PropertySource systemEnvironment [org.springframework.boot.env.SystemEnvironmentPropertySourceEnvironmentPostProcessor$OriginAwareSystemEnvironmentPropertySource] to EncryptableSystemEnvironmentPropertySourceWrapper
2023-05-14 14:29:24.200  INFO 2212 --- [restartedMain] c.u.j.EncryptablePropertySourceConverter : Converting PropertySource random [org.springframework.boot.env.RandomValuePropertySource] to EncryptablePropertySourceWrapper
2023-05-14 14:29:24.200  INFO 2212 --- [restartedMain] c.u.j.EncryptablePropertySourceConverter : Converting PropertySource Config resource 'class path resource [application.yml]' via location 'optional:classpath:/' [org.springframework.boot.env.OriginTrackedMapPropertySource] to EncryptableMapPropertySourceWrapper
2023-05-14 14:29:24.200  INFO 2212 --- [restartedMain] c.u.j.EncryptablePropertySourceConverter : Converting PropertySource devtools [org.springframework.core.env.MapPropertySource] to EncryptableMapPropertySourceWrapper
2023-05-14 14:29:24.639  INFO 2212 --- [restartedMain] trationDelegate$BeanPostProcessorChecker : Bean 'redisExceptionThrowsConfig' of type [cn.pan.basics.redis.RedisExceptionThrowsConfig$$EnhancerBySpringCGLIB$$11718748] is not eligible for getting processed by all BeanPostProcessors (for example: not eligible for auto-proxying)
2023-05-14 14:29:24.752  INFO 2212 --- [restartedMain] trationDelegate$BeanPostProcessorChecker : Bean 'org.springframework.integration.config.IntegrationManagementConfiguration' of type [org.springframework.integration.config.IntegrationManagementConfiguration] is not eligible for getting processed by all BeanPostProcessors (for example: not eligible for auto-proxying)
2023-05-14 14:29:24.766  INFO 2212 --- [restartedMain] trationDelegate$BeanPostProcessorChecker : Bean 'integrationChannelResolver' of type [org.springframework.integration.support.channel.BeanFactoryChannelResolver] is not eligible for getting processed by all BeanPostProcessors (for example: not eligible for auto-proxying)
2023-05-14 14:29:25.751  INFO 2212 --- [restartedMain] c.u.j.filter.DefaultLazyPropertyFilter   : Property Filter custom Bean not found with name 'encryptablePropertyFilter'. Initializing Default Property Filter
2023-05-14 14:29:25.758  INFO 2212 --- [restartedMain] c.u.j.r.DefaultLazyPropertyResolver      : Property Resolver custom Bean not found with name 'encryptablePropertyResolver'. Initializing Default Property Resolver
2023-05-14 14:29:25.760  INFO 2212 --- [restartedMain] c.u.j.d.DefaultLazyPropertyDetector      : Property Detector custom Bean not found with name 'encryptablePropertyDetector'. Initializing Default Property Detector
2023-05-14 14:29:26.078  INFO 2212 --- [restartedMain] o.s.b.w.embedded.tomcat.TomcatWebServer  : Tomcat initialized with port(s): 8081 (http)
2023-05-14 14:29:26.080  INFO 2212 --- [restartedMain] o.a.catalina.core.AprLifecycleListener   : Loaded Apache Tomcat Native library [1.2.32] using APR version [1.7.0].
2023-05-14 14:29:26.080  INFO 2212 --- [restartedMain] o.a.catalina.core.AprLifecycleListener   : APR capabilities: IPv6 [true], sendfile [true], accept filters [false], random [true], UDS [true].
2023-05-14 14:29:26.080  INFO 2212 --- [restartedMain] o.a.catalina.core.AprLifecycleListener   : APR/OpenSSL configuration: useAprConnector [false], useOpenSSL [true]
2023-05-14 14:29:26.084  INFO 2212 --- [restartedMain] o.a.catalina.core.AprLifecycleListener   : OpenSSL successfully initialized [OpenSSL 1.1.1n  15 Mar 2022]
2023-05-14 14:29:26.092  INFO 2212 --- [restartedMain] o.apache.catalina.core.StandardService   : Starting service [Tomcat]
2023-05-14 14:29:26.093  INFO 2212 --- [restartedMain] org.apache.catalina.core.StandardEngine  : Starting Servlet engine: [Apache Tomcat/9.0.65]
2023-05-14 14:29:26.193  INFO 2212 --- [restartedMain] o.a.c.c.C.[Tomcat].[localhost].[/]       : Initializing Spring embedded WebApplicationContext
2023-05-14 14:29:26.193  INFO 2212 --- [restartedMain] w.s.c.ServletWebServerApplicationContext : Root WebApplicationContext: initialization completed in 4200 ms
2023-05-14 14:29:26.310  INFO 2212 --- [restartedMain] c.a.d.s.b.a.DruidDataSourceAutoConfigure : Init DruidDataSource
2023-05-14 14:29:26.597  INFO 2212 --- [restartedMain] com.alibaba.druid.pool.DruidDataSource   : {dataSource-1} inited
2023-05-14 14:29:27.452  INFO 2212 --- [restartedMain] org.redisson.Version                     : Redisson 3.17.6
2023-05-14 14:29:27.705  INFO 2212 --- [redisson-netty-2-5] o.r.c.pool.MasterPubSubConnectionPool    : 1 connections initialized for 127.0.0.1/127.0.0.1:6379
2023-05-14 14:29:27.743  INFO 2212 --- [redisson-netty-2-19] o.r.c.pool.MasterConnectionPool          : 24 connections initialized for 127.0.0.1/127.0.0.1:6379
2023-05-14 14:29:28.185  INFO 2212 --- [restartedMain] c.p.basics.baseClass.BeansConfiguration  : 初始化PathMatcher成功
2023-05-14 14:29:28.191  WARN 2212 --- [restartedMain] c.p.b.s.p.MyFilterSecurityInterceptor    : Could not validate configuration attributes as the SecurityMetadataSource did not return any attributes from getAllConfigAttributes()
2023-05-14 14:29:28.354  INFO 2212 --- [restartedMain] o.hibernate.jpa.internal.util.LogHelper  : HHH000204: Processing PersistenceUnitInfo [name: default]
2023-05-14 14:29:28.403  INFO 2212 --- [restartedMain] org.hibernate.Version                    : HHH000412: Hibernate ORM core version 5.6.10.Final
2023-05-14 14:29:28.517  INFO 2212 --- [restartedMain] o.hibernate.annotations.common.Version   : HCANN000001: Hibernate Commons Annotations {5.1.2.Final}
2023-05-14 14:29:28.752  INFO 2212 --- [restartedMain] org.hibernate.dialect.Dialect            : HHH000400: Using dialect: org.hibernate.dialect.MySQL8Dialect
2023-05-14 14:29:29.418  INFO 2212 --- [restartedMain] o.h.e.t.j.p.i.JtaPlatformInitiator       : HHH000490: Using JtaPlatform implementation: [org.hibernate.engine.transaction.jta.platform.internal.NoJtaPlatform]
2023-05-14 14:29:29.424  INFO 2212 --- [restartedMain] j.LocalContainerEntityManagerFactoryBean : Initialized JPA EntityManagerFactory for persistence unit 'default'
2023-05-14 14:29:29.866  WARN 2212 --- [restartedMain] JpaBaseConfiguration$JpaWebConfiguration : spring.jpa.open-in-view is enabled by default. Therefore, database queries may be performed during view rendering. Explicitly configure spring.jpa.open-in-view to disable this warning
2023-05-14 14:29:30.769  INFO 2212 --- [restartedMain] c.p.basics.baseClass.BeansConfiguration  : 初始化线程池成功
2023-05-14 14:29:31.059  INFO 2212 --- [restartedMain] c.p.basics.redis.InterceptConfiguration  : 拦截器加载成功
2023-05-14 14:29:31.897  INFO 2212 --- [restartedMain] o.s.b.a.e.web.EndpointLinksResolver      : Exposing 1 endpoint(s) beneath base path '/actuator'
2023-05-14 14:29:31.922  INFO 2212 --- [restartedMain] o.s.s.web.DefaultSecurityFilterChain     : Will secure any request with [org.springframework.security.web.session.DisableEncodeUrlFilter@50051bf0, org.springframework.security.web.context.request.async.WebAsyncManagerIntegrationFilter@72eedf9a, org.springframework.security.web.context.SecurityContextPersistenceFilter@2ab96981, org.springframework.security.web.header.HeaderWriterFilter@33a3459e, org.springframework.web.filter.CorsFilter@31948617, org.springframework.security.web.authentication.logout.LogoutFilter@5656187d, cn.pan.basics.security.validate.ImageValidateFilter$$EnhancerBySpringCGLIB$$9000fc27@74d46bbc, org.springframework.security.web.authentication.UsernamePasswordAuthenticationFilter@3ca5ac9d, cn.pan.basics.security.jwt.JwtRoleFilter@3707ce03, org.springframework.security.web.savedrequest.RequestCacheAwareFilter@7e70b047, org.springframework.security.web.servletapi.SecurityContextHolderAwareRequestFilter@6c4b0147, org.springframework.security.web.authentication.AnonymousAuthenticationFilter@4fa58988, org.springframework.security.web.session.SessionManagementFilter@3181cb5a, org.springframework.security.web.access.ExceptionTranslationFilter@2674e18c, cn.pan.basics.security.permission.MyFilterSecurityInterceptor@236d148, org.springframework.security.web.access.intercept.FilterSecurityInterceptor@7af2d3b4]
2023-05-14 14:29:31.965  INFO 2212 --- [restartedMain] o.s.b.d.a.OptionalLiveReloadServer       : LiveReload server is running on port 35729
2023-05-14 14:29:32.138  INFO 2212 --- [restartedMain] o.s.i.endpoint.EventDrivenConsumer       : Adding {logging-channel-adapter:_org.springframework.integration.errorLogger} as a subscriber to the 'errorChannel' channel
2023-05-14 14:29:32.138  INFO 2212 --- [restartedMain] o.s.i.channel.PublishSubscribeChannel    : Channel 'application.errorChannel' has 1 subscriber(s).
2023-05-14 14:29:32.139  INFO 2212 --- [restartedMain] o.s.i.endpoint.EventDrivenConsumer       : started bean '_org.springframework.integration.errorLogger'
2023-05-14 14:29:32.155  INFO 2212 --- [restartedMain] o.s.b.w.embedded.tomcat.TomcatWebServer  : Tomcat started on port(s): 8081 (http) with context path ''
2023-05-14 14:29:32.156  INFO 2212 --- [restartedMain] u.j.c.RefreshScopeRefreshedEventListener : Refreshing cached encryptable property sources on ServletWebServerInitializedEvent
2023-05-14 14:29:32.157  INFO 2212 --- [restartedMain] CachingDelegateEncryptablePropertySource : Property Source systemProperties refreshed
2023-05-14 14:29:32.157  INFO 2212 --- [restartedMain] CachingDelegateEncryptablePropertySource : Property Source systemEnvironment refreshed
2023-05-14 14:29:32.157  INFO 2212 --- [restartedMain] CachingDelegateEncryptablePropertySource : Property Source random refreshed
2023-05-14 14:29:32.158  INFO 2212 --- [restartedMain] CachingDelegateEncryptablePropertySource : Property Source Config resource 'class path resource [application.yml]' via location 'optional:classpath:/' refreshed
2023-05-14 14:29:32.158  INFO 2212 --- [restartedMain] CachingDelegateEncryptablePropertySource : Property Source devtools refreshed
2023-05-14 14:29:32.158  INFO 2212 --- [restartedMain] c.u.j.EncryptablePropertySourceConverter : Converting PropertySource server.ports [org.springframework.core.env.MapPropertySource] to EncryptableMapPropertySourceWrapper
2023-05-14 14:29:32.158  INFO 2212 --- [restartedMain] c.u.j.EncryptablePropertySourceConverter : Skipping PropertySource configurationProperties [class org.springframework.boot.context.properties.source.ConfigurationPropertySourcesPropertySource
2023-05-14 14:29:32.158  INFO 2212 --- [restartedMain] c.u.j.EncryptablePropertySourceConverter : Skipping PropertySource servletConfigInitParams [class org.springframework.core.env.PropertySource$StubPropertySource
2023-05-14 14:29:32.158  INFO 2212 --- [restartedMain] c.u.j.EncryptablePropertySourceConverter : Converting PropertySource servletContextInitParams [org.springframework.web.context.support.ServletContextPropertySource] to EncryptableEnumerablePropertySourceWrapper
2023-05-14 14:29:32.158  INFO 2212 --- [restartedMain] c.u.j.EncryptablePropertySourceConverter : Converting PropertySource Management Server [org.springframework.boot.actuate.autoconfigure.web.server.ManagementContextAutoConfiguration$SameManagementContextConfiguration$1] to EncryptablePropertySourceWrapper
2023-05-14 14:29:32.194  INFO 2212 --- [restartedMain] cn.pan.PanApplication                    : Started PanApplication in 10.669 seconds (JVM running for 14.311)
2023-05-14 14:30:55.810  INFO 2212 --- [http-nio-8081-exec-3] o.a.c.c.C.[Tomcat].[localhost].[/]       : Initializing Spring DispatcherServlet 'dispatcherServlet'
2023-05-14 14:30:55.811  INFO 2212 --- [http-nio-8081-exec-3] o.s.web.servlet.DispatcherServlet        : Initializing Servlet 'dispatcherServlet'
2023-05-14 14:30:55.813  INFO 2212 --- [http-nio-8081-exec-3] o.s.web.servlet.DispatcherServlet        : Completed initialization in 2 ms
2023-05-14 14:51:29.487  INFO 2212 --- [SpringApplicationShutdownHook] o.s.b.w.e.tomcat.GracefulShutdown        : Commencing graceful shutdown. Waiting for active requests to complete
2023-05-14 14:51:29.495  INFO 2212 --- [tomcat-shutdown] o.s.b.w.e.tomcat.GracefulShutdown        : Graceful shutdown complete
2023-05-14 14:51:29.509  INFO 2212 --- [SpringApplicationShutdownHook] o.s.i.endpoint.EventDrivenConsumer       : Removing {logging-channel-adapter:_org.springframework.integration.errorLogger} as a subscriber to the 'errorChannel' channel
2023-05-14 14:51:29.509  INFO 2212 --- [SpringApplicationShutdownHook] o.s.i.channel.PublishSubscribeChannel    : Channel 'application.errorChannel' has 0 subscriber(s).
2023-05-14 14:51:29.510  INFO 2212 --- [SpringApplicationShutdownHook] o.s.i.endpoint.EventDrivenConsumer       : stopped bean '_org.springframework.integration.errorLogger'
2023-05-14 14:51:29.515  WARN 2212 --- [SpringApplicationShutdownHook] o.s.b.f.support.DisposableBeanAdapter    : Invocation of destroy method failed on bean with name 'redisLockRegistry': java.lang.IllegalStateException: java.lang.NullPointerException: Cannot invoke "org.springframework.data.redis.listener.RedisMessageListenerContainer.destroy()" because "this.redisMessageListenerContainer" is null
2023-05-14 14:51:29.516  INFO 2212 --- [SpringApplicationShutdownHook] j.LocalContainerEntityManagerFactoryBean : Closing JPA EntityManagerFactory for persistence unit 'default'
2023-05-14 14:51:29.530  INFO 2212 --- [SpringApplicationShutdownHook] com.alibaba.druid.pool.DruidDataSource   : {dataSource-1} closing ...
2023-05-14 14:51:29.533  INFO 2212 --- [SpringApplicationShutdownHook] com.alibaba.druid.pool.DruidDataSource   : {dataSource-1} closed
2023-05-14 14:51:34.535  INFO 25936 --- [restartedMain] cn.pan.PanApplication                    : Starting PanApplication using Java 17.0.6 on bp with PID 25936 (D:\IDEAPriceProject\医院门诊预约挂号管理系统\hospital\back\target\classes started by 不潘 in D:\IDEAPriceProject\医院门诊预约挂号管理系统\hospital\back)
2023-05-14 14:51:34.536  INFO 25936 --- [restartedMain] cn.pan.PanApplication                    : No active profile set, falling back to 1 default profile: "default"
2023-05-14 14:51:34.570  INFO 25936 --- [restartedMain] .e.DevToolsPropertyDefaultsPostProcessor : Devtools property defaults active! Set 'spring.devtools.add-properties' to 'false' to disable
2023-05-14 14:51:34.571  INFO 25936 --- [restartedMain] .e.DevToolsPropertyDefaultsPostProcessor : For additional web related logging consider setting the 'logging.level.web' property to 'DEBUG'
2023-05-14 14:51:35.420  INFO 25936 --- [restartedMain] .s.d.r.c.RepositoryConfigurationDelegate : Multiple Spring Data modules found, entering strict repository configuration mode
2023-05-14 14:51:35.420  INFO 25936 --- [restartedMain] .s.d.r.c.RepositoryConfigurationDelegate : Bootstrapping Spring Data JPA repositories in DEFAULT mode.
2023-05-14 14:51:35.500  INFO 25936 --- [restartedMain] .s.d.r.c.RepositoryConfigurationDelegate : Finished Spring Data repository scanning in 75 ms. Found 1 JPA repository interfaces.
2023-05-14 14:51:35.506  INFO 25936 --- [restartedMain] .s.d.r.c.RepositoryConfigurationDelegate : Multiple Spring Data modules found, entering strict repository configuration mode
2023-05-14 14:51:35.507  INFO 25936 --- [restartedMain] .s.d.r.c.RepositoryConfigurationDelegate : Bootstrapping Spring Data Redis repositories in DEFAULT mode.
2023-05-14 14:51:35.523  INFO 25936 --- [restartedMain] .RepositoryConfigurationExtensionSupport : Spring Data Redis - Could not safely identify store assignment for repository candidate interface cn.pan.data.dao.LogDao; If you want this repository to be a Redis repository, consider annotating your entities with one of these annotations: org.springframework.data.redis.core.RedisHash (preferred), or consider extending one of the following types with your repository: org.springframework.data.keyvalue.repository.KeyValueRepository
2023-05-14 14:51:35.523  INFO 25936 --- [restartedMain] .s.d.r.c.RepositoryConfigurationDelegate : Finished Spring Data repository scanning in 11 ms. Found 0 Redis repository interfaces.
2023-05-14 14:51:35.635  INFO 25936 --- [restartedMain] faultConfiguringBeanFactoryPostProcessor : No bean named 'errorChannel' has been explicitly defined. Therefore, a default PublishSubscribeChannel will be created.
2023-05-14 14:51:35.642  INFO 25936 --- [restartedMain] faultConfiguringBeanFactoryPostProcessor : No bean named 'integrationHeaderChannelRegistry' has been explicitly defined. Therefore, a default DefaultHeaderChannelRegistry will be created.
2023-05-14 14:51:35.776  INFO 25936 --- [restartedMain] ptablePropertiesBeanFactoryPostProcessor : Post-processing PropertySource instances
2023-05-14 14:51:35.776  INFO 25936 --- [restartedMain] c.u.j.EncryptablePropertySourceConverter : Skipping PropertySource configurationProperties [class org.springframework.boot.context.properties.source.ConfigurationPropertySourcesPropertySource
2023-05-14 14:51:35.777  INFO 25936 --- [restartedMain] c.u.j.EncryptablePropertySourceConverter : Skipping PropertySource servletConfigInitParams [class org.springframework.core.env.PropertySource$StubPropertySource
2023-05-14 14:51:35.777  INFO 25936 --- [restartedMain] c.u.j.EncryptablePropertySourceConverter : Skipping PropertySource servletContextInitParams [class org.springframework.core.env.PropertySource$StubPropertySource
2023-05-14 14:51:35.778  INFO 25936 --- [restartedMain] c.u.j.EncryptablePropertySourceConverter : Converting PropertySource systemProperties [org.springframework.core.env.PropertiesPropertySource] to EncryptableMapPropertySourceWrapper
2023-05-14 14:51:35.778  INFO 25936 --- [restartedMain] c.u.j.EncryptablePropertySourceConverter : Converting PropertySource systemEnvironment [org.springframework.boot.env.SystemEnvironmentPropertySourceEnvironmentPostProcessor$OriginAwareSystemEnvironmentPropertySource] to EncryptableSystemEnvironmentPropertySourceWrapper
2023-05-14 14:51:35.778  INFO 25936 --- [restartedMain] c.u.j.EncryptablePropertySourceConverter : Converting PropertySource random [org.springframework.boot.env.RandomValuePropertySource] to EncryptablePropertySourceWrapper
2023-05-14 14:51:35.778  INFO 25936 --- [restartedMain] c.u.j.EncryptablePropertySourceConverter : Converting PropertySource Config resource 'class path resource [application.yml]' via location 'optional:classpath:/' [org.springframework.boot.env.OriginTrackedMapPropertySource] to EncryptableMapPropertySourceWrapper
2023-05-14 14:51:35.779  INFO 25936 --- [restartedMain] c.u.j.EncryptablePropertySourceConverter : Converting PropertySource devtools [org.springframework.core.env.MapPropertySource] to EncryptableMapPropertySourceWrapper
2023-05-14 14:51:35.921  INFO 25936 --- [restartedMain] trationDelegate$BeanPostProcessorChecker : Bean 'redisExceptionThrowsConfig' of type [cn.pan.basics.redis.RedisExceptionThrowsConfig$$EnhancerBySpringCGLIB$$2f273eb9] is not eligible for getting processed by all BeanPostProcessors (for example: not eligible for auto-proxying)
2023-05-14 14:51:35.962  INFO 25936 --- [restartedMain] trationDelegate$BeanPostProcessorChecker : Bean 'org.springframework.integration.config.IntegrationManagementConfiguration' of type [org.springframework.integration.config.IntegrationManagementConfiguration] is not eligible for getting processed by all BeanPostProcessors (for example: not eligible for auto-proxying)
2023-05-14 14:51:35.971  INFO 25936 --- [restartedMain] trationDelegate$BeanPostProcessorChecker : Bean 'integrationChannelResolver' of type [org.springframework.integration.support.channel.BeanFactoryChannelResolver] is not eligible for getting processed by all BeanPostProcessors (for example: not eligible for auto-proxying)
2023-05-14 14:51:36.043  INFO 25936 --- [restartedMain] c.u.j.filter.DefaultLazyPropertyFilter   : Property Filter custom Bean not found with name 'encryptablePropertyFilter'. Initializing Default Property Filter
2023-05-14 14:51:36.050  INFO 25936 --- [restartedMain] c.u.j.r.DefaultLazyPropertyResolver      : Property Resolver custom Bean not found with name 'encryptablePropertyResolver'. Initializing Default Property Resolver
2023-05-14 14:51:36.051  INFO 25936 --- [restartedMain] c.u.j.d.DefaultLazyPropertyDetector      : Property Detector custom Bean not found with name 'encryptablePropertyDetector'. Initializing Default Property Detector
2023-05-14 14:51:36.234  INFO 25936 --- [restartedMain] o.s.b.w.embedded.tomcat.TomcatWebServer  : Tomcat initialized with port(s): 8081 (http)
2023-05-14 14:51:36.235  INFO 25936 --- [restartedMain] o.a.catalina.core.AprLifecycleListener   : Loaded Apache Tomcat Native library [1.2.32] using APR version [1.7.0].
2023-05-14 14:51:36.235  INFO 25936 --- [restartedMain] o.a.catalina.core.AprLifecycleListener   : APR capabilities: IPv6 [true], sendfile [true], accept filters [false], random [true], UDS [true].
2023-05-14 14:51:36.235  INFO 25936 --- [restartedMain] o.a.catalina.core.AprLifecycleListener   : APR/OpenSSL configuration: useAprConnector [false], useOpenSSL [true]
2023-05-14 14:51:36.237  INFO 25936 --- [restartedMain] o.a.catalina.core.AprLifecycleListener   : OpenSSL successfully initialized [OpenSSL 1.1.1n  15 Mar 2022]
2023-05-14 14:51:36.245  INFO 25936 --- [restartedMain] o.apache.catalina.core.StandardService   : Starting service [Tomcat]
2023-05-14 14:51:36.245  INFO 25936 --- [restartedMain] org.apache.catalina.core.StandardEngine  : Starting Servlet engine: [Apache Tomcat/9.0.65]
2023-05-14 14:51:36.312  INFO 25936 --- [restartedMain] o.a.c.c.C.[Tomcat].[localhost].[/]       : Initializing Spring embedded WebApplicationContext
2023-05-14 14:51:36.312  INFO 25936 --- [restartedMain] w.s.c.ServletWebServerApplicationContext : Root WebApplicationContext: initialization completed in 1741 ms
2023-05-14 14:51:36.385  INFO 25936 --- [restartedMain] c.a.d.s.b.a.DruidDataSourceAutoConfigure : Init DruidDataSource
2023-05-14 14:51:36.479  INFO 25936 --- [restartedMain] com.alibaba.druid.pool.DruidDataSource   : {dataSource-1} inited
2023-05-14 14:51:36.799  INFO 25936 --- [restartedMain] org.redisson.Version                     : Redisson 3.17.6
2023-05-14 14:51:36.966  INFO 25936 --- [redisson-netty-2-5] o.r.c.pool.MasterPubSubConnectionPool    : 1 connections initialized for 127.0.0.1/127.0.0.1:6379
2023-05-14 14:51:36.993  INFO 25936 --- [redisson-netty-2-18] o.r.c.pool.MasterConnectionPool          : 24 connections initialized for 127.0.0.1/127.0.0.1:6379
2023-05-14 14:51:37.291  INFO 25936 --- [restartedMain] c.p.basics.baseClass.BeansConfiguration  : 初始化PathMatcher成功
2023-05-14 14:51:37.296  WARN 25936 --- [restartedMain] c.p.b.s.p.MyFilterSecurityInterceptor    : Could not validate configuration attributes as the SecurityMetadataSource did not return any attributes from getAllConfigAttributes()
2023-05-14 14:51:37.426  INFO 25936 --- [restartedMain] o.hibernate.jpa.internal.util.LogHelper  : HHH000204: Processing PersistenceUnitInfo [name: default]
2023-05-14 14:51:37.459  INFO 25936 --- [restartedMain] org.hibernate.Version                    : HHH000412: Hibernate ORM core version 5.6.10.Final
2023-05-14 14:51:37.562  INFO 25936 --- [restartedMain] o.hibernate.annotations.common.Version   : HCANN000001: Hibernate Commons Annotations {5.1.2.Final}
2023-05-14 14:51:37.721  INFO 25936 --- [restartedMain] org.hibernate.dialect.Dialect            : HHH000400: Using dialect: org.hibernate.dialect.MySQL8Dialect
2023-05-14 14:51:38.215  INFO 25936 --- [restartedMain] o.h.e.t.j.p.i.JtaPlatformInitiator       : HHH000490: Using JtaPlatform implementation: [org.hibernate.engine.transaction.jta.platform.internal.NoJtaPlatform]
2023-05-14 14:51:38.221  INFO 25936 --- [restartedMain] j.LocalContainerEntityManagerFactoryBean : Initialized JPA EntityManagerFactory for persistence unit 'default'
2023-05-14 14:51:38.541  WARN 25936 --- [restartedMain] JpaBaseConfiguration$JpaWebConfiguration : spring.jpa.open-in-view is enabled by default. Therefore, database queries may be performed during view rendering. Explicitly configure spring.jpa.open-in-view to disable this warning
2023-05-14 14:51:39.300  INFO 25936 --- [restartedMain] c.p.basics.baseClass.BeansConfiguration  : 初始化线程池成功
2023-05-14 14:51:39.729  INFO 25936 --- [restartedMain] c.p.basics.redis.InterceptConfiguration  : 拦截器加载成功
2023-05-14 14:51:40.565  INFO 25936 --- [restartedMain] o.s.b.a.e.web.EndpointLinksResolver      : Exposing 1 endpoint(s) beneath base path '/actuator'
2023-05-14 14:51:40.594  INFO 25936 --- [restartedMain] o.s.s.web.DefaultSecurityFilterChain     : Will secure any request with [org.springframework.security.web.session.DisableEncodeUrlFilter@6399c0f2, org.springframework.security.web.context.request.async.WebAsyncManagerIntegrationFilter@6b163b54, org.springframework.security.web.context.SecurityContextPersistenceFilter@454e8956, org.springframework.security.web.header.HeaderWriterFilter@13bc8928, org.springframework.web.filter.CorsFilter@1c83e85f, org.springframework.security.web.authentication.logout.LogoutFilter@66b1dab9, cn.pan.basics.security.validate.ImageValidateFilter$$EnhancerBySpringCGLIB$$adb6b398@42867ce3, org.springframework.security.web.authentication.UsernamePasswordAuthenticationFilter@2d2bc1dd, cn.pan.basics.security.jwt.JwtRoleFilter@7cc566f4, org.springframework.security.web.savedrequest.RequestCacheAwareFilter@783b5c09, org.springframework.security.web.servletapi.SecurityContextHolderAwareRequestFilter@15af5f7d, org.springframework.security.web.authentication.AnonymousAuthenticationFilter@51f6b7ce, org.springframework.security.web.session.SessionManagementFilter@27432380, org.springframework.security.web.access.ExceptionTranslationFilter@20de2ffe, cn.pan.basics.security.permission.MyFilterSecurityInterceptor@5e3910c1, org.springframework.security.web.access.intercept.FilterSecurityInterceptor@633b1f11]
2023-05-14 14:51:40.636  INFO 25936 --- [restartedMain] o.s.b.d.a.OptionalLiveReloadServer       : LiveReload server is running on port 35729
2023-05-14 14:51:40.803  INFO 25936 --- [restartedMain] o.s.i.endpoint.EventDrivenConsumer       : Adding {logging-channel-adapter:_org.springframework.integration.errorLogger} as a subscriber to the 'errorChannel' channel
2023-05-14 14:51:40.803  INFO 25936 --- [restartedMain] o.s.i.channel.PublishSubscribeChannel    : Channel 'application.errorChannel' has 1 subscriber(s).
2023-05-14 14:51:40.804  INFO 25936 --- [restartedMain] o.s.i.endpoint.EventDrivenConsumer       : started bean '_org.springframework.integration.errorLogger'
2023-05-14 14:51:40.813  INFO 25936 --- [restartedMain] o.s.b.w.embedded.tomcat.TomcatWebServer  : Tomcat started on port(s): 8081 (http) with context path ''
2023-05-14 14:51:40.814  INFO 25936 --- [restartedMain] u.j.c.RefreshScopeRefreshedEventListener : Refreshing cached encryptable property sources on ServletWebServerInitializedEvent
2023-05-14 14:51:40.814  INFO 25936 --- [restartedMain] CachingDelegateEncryptablePropertySource : Property Source systemProperties refreshed
2023-05-14 14:51:40.814  INFO 25936 --- [restartedMain] CachingDelegateEncryptablePropertySource : Property Source systemEnvironment refreshed
2023-05-14 14:51:40.815  INFO 25936 --- [restartedMain] CachingDelegateEncryptablePropertySource : Property Source random refreshed
2023-05-14 14:51:40.815  INFO 25936 --- [restartedMain] CachingDelegateEncryptablePropertySource : Property Source Config resource 'class path resource [application.yml]' via location 'optional:classpath:/' refreshed
2023-05-14 14:51:40.815  INFO 25936 --- [restartedMain] CachingDelegateEncryptablePropertySource : Property Source devtools refreshed
2023-05-14 14:51:40.815  INFO 25936 --- [restartedMain] c.u.j.EncryptablePropertySourceConverter : Converting PropertySource server.ports [org.springframework.core.env.MapPropertySource] to EncryptableMapPropertySourceWrapper
2023-05-14 14:51:40.815  INFO 25936 --- [restartedMain] c.u.j.EncryptablePropertySourceConverter : Skipping PropertySource configurationProperties [class org.springframework.boot.context.properties.source.ConfigurationPropertySourcesPropertySource
2023-05-14 14:51:40.815  INFO 25936 --- [restartedMain] c.u.j.EncryptablePropertySourceConverter : Skipping PropertySource servletConfigInitParams [class org.springframework.core.env.PropertySource$StubPropertySource
2023-05-14 14:51:40.815  INFO 25936 --- [restartedMain] c.u.j.EncryptablePropertySourceConverter : Converting PropertySource servletContextInitParams [org.springframework.web.context.support.ServletContextPropertySource] to EncryptableEnumerablePropertySourceWrapper
2023-05-14 14:51:40.815  INFO 25936 --- [restartedMain] c.u.j.EncryptablePropertySourceConverter : Converting PropertySource Management Server [org.springframework.boot.actuate.autoconfigure.web.server.ManagementContextAutoConfiguration$SameManagementContextConfiguration$1] to EncryptablePropertySourceWrapper
2023-05-14 14:51:40.856  INFO 25936 --- [restartedMain] cn.pan.PanApplication                    : Started PanApplication in 6.562 seconds (JVM running for 7.203)
2023-05-14 14:51:41.249  INFO 25936 --- [RMI TCP Connection(4)-192.168.137.1] o.a.c.c.C.[Tomcat].[localhost].[/]       : Initializing Spring DispatcherServlet 'dispatcherServlet'
2023-05-14 14:51:41.250  INFO 25936 --- [RMI TCP Connection(4)-192.168.137.1] o.s.web.servlet.DispatcherServlet        : Initializing Servlet 'dispatcherServlet'
2023-05-14 14:51:41.252  INFO 25936 --- [RMI TCP Connection(4)-192.168.137.1] o.s.web.servlet.DispatcherServlet        : Completed initialization in 2 ms
2023-05-14 15:04:11.126  INFO 25936 --- [SpringApplicationShutdownHook] o.s.b.w.e.tomcat.GracefulShutdown        : Commencing graceful shutdown. Waiting for active requests to complete
2023-05-14 15:04:11.134  INFO 25936 --- [tomcat-shutdown] o.s.b.w.e.tomcat.GracefulShutdown        : Graceful shutdown complete
2023-05-14 15:04:11.148  INFO 25936 --- [SpringApplicationShutdownHook] o.s.i.endpoint.EventDrivenConsumer       : Removing {logging-channel-adapter:_org.springframework.integration.errorLogger} as a subscriber to the 'errorChannel' channel
2023-05-14 15:04:11.148  INFO 25936 --- [SpringApplicationShutdownHook] o.s.i.channel.PublishSubscribeChannel    : Channel 'application.errorChannel' has 0 subscriber(s).
2023-05-14 15:04:11.149  INFO 25936 --- [SpringApplicationShutdownHook] o.s.i.endpoint.EventDrivenConsumer       : stopped bean '_org.springframework.integration.errorLogger'
2023-05-14 15:04:11.155  WARN 25936 --- [SpringApplicationShutdownHook] o.s.b.f.support.DisposableBeanAdapter    : Invocation of destroy method failed on bean with name 'redisLockRegistry': java.lang.IllegalStateException: java.lang.NullPointerException: Cannot invoke "org.springframework.data.redis.listener.RedisMessageListenerContainer.destroy()" because "this.redisMessageListenerContainer" is null
2023-05-14 15:04:11.155  INFO 25936 --- [SpringApplicationShutdownHook] j.LocalContainerEntityManagerFactoryBean : Closing JPA EntityManagerFactory for persistence unit 'default'
2023-05-14 15:04:11.168  INFO 25936 --- [SpringApplicationShutdownHook] com.alibaba.druid.pool.DruidDataSource   : {dataSource-1} closing ...
2023-05-14 15:04:11.172  INFO 25936 --- [SpringApplicationShutdownHook] com.alibaba.druid.pool.DruidDataSource   : {dataSource-1} closed
